2024-08-05 10:02:47,068 INFO o.s.b.StartupInfoLogger [restartedMain] Starting QuizspringApplication using Java 17.0.10 with PID 38448 (C:\Users\Srinivasan\Desktop\SpringSecurity\Spring-Security-Template-V4\target\classes started by Srinivasan in C:\Users\Srinivasan\Desktop\SpringSecurity\Spring-Security-Template-V4)
2024-08-05 10:02:47,075 INFO o.s.b.SpringApplication [restartedMain] No active profile set, falling back to 1 default profile: "default"
2024-08-05 10:02:47,219 INFO o.s.b.l.DeferredLog [restartedMain] Devtools property defaults active! Set 'spring.devtools.add-properties' to 'false' to disable
2024-08-05 10:02:47,226 INFO o.s.b.l.DeferredLog [restartedMain] For additional web related logging consider setting the 'logging.level.web' property to 'DEBUG'
2024-08-05 10:02:49,182 INFO o.s.d.r.c.RepositoryConfigurationDelegate [restartedMain] Bootstrapping Spring Data JPA repositories in DEFAULT mode.
2024-08-05 10:02:49,432 INFO o.s.d.r.c.RepositoryConfigurationDelegate [restartedMain] Finished Spring Data repository scanning in 221 ms. Found 2 JPA repository interfaces.
2024-08-05 10:02:51,247 INFO o.s.b.w.e.t.TomcatWebServer [restartedMain] Tomcat initialized with port 7777 (http)
2024-08-05 10:02:51,277 INFO o.a.j.l.DirectJDKLog [restartedMain] Initializing ProtocolHandler ["http-nio-7777"]
2024-08-05 10:02:51,301 INFO o.a.j.l.DirectJDKLog [restartedMain] Starting service [Tomcat]
2024-08-05 10:02:51,303 INFO o.a.j.l.DirectJDKLog [restartedMain] Starting Servlet engine: [Apache Tomcat/10.1.26]
2024-08-05 10:02:51,507 INFO o.a.j.l.DirectJDKLog [restartedMain] Initializing Spring embedded WebApplicationContext
2024-08-05 10:02:51,511 INFO o.s.b.w.s.c.ServletWebServerApplicationContext [restartedMain] Root WebApplicationContext: initialization completed in 4280 ms
2024-08-05 10:02:51,803 INFO o.h.j.i.u.LogHelper [restartedMain] HHH000204: Processing PersistenceUnitInfo [name: default]
2024-08-05 10:02:51,970 INFO o.h.Version [restartedMain] HHH000412: Hibernate ORM core version 6.5.2.Final
2024-08-05 10:02:52,055 INFO o.h.c.i.RegionFactoryInitiator [restartedMain] HHH000026: Second-level cache disabled
2024-08-05 10:02:52,608 INFO o.s.o.j.p.SpringPersistenceUnitInfo [restartedMain] No LoadTimeWeaver setup: ignoring JPA class transformer
2024-08-05 10:02:52,674 INFO c.z.h.HikariDataSource [restartedMain] HikariPool-1 - Starting...
2024-08-05 10:02:53,180 INFO c.z.h.p.HikariPool [restartedMain] HikariPool-1 - Added connection com.mysql.cj.jdbc.ConnectionImpl@5e083879
2024-08-05 10:02:53,186 INFO c.z.h.HikariDataSource [restartedMain] HikariPool-1 - Start completed.
2024-08-05 10:02:53,310 WARN o.h.e.j.d.i.DialectFactoryImpl [restartedMain] HHH90000025: MySQLDialect does not need to be specified explicitly using 'hibernate.dialect' (remove the property setting and it will be selected by default)
2024-08-05 10:02:55,016 INFO o.h.e.t.j.p.i.JtaPlatformInitiator [restartedMain] HHH000489: No JTA platform available (set 'hibernate.transaction.jta.platform' to enable JTA platform integration)
2024-08-05 10:02:55,348 INFO o.s.o.j.AbstractEntityManagerFactoryBean [restartedMain] Initialized JPA EntityManagerFactory for persistence unit 'default'
2024-08-05 10:02:56,176 INFO o.s.s.c.a.a.c.InitializeUserDetailsBeanManagerConfigurer$InitializeUserDetailsManagerConfigurer [restartedMain] Global AuthenticationManager configured with UserDetailsService bean with name userDetailsService
2024-08-05 10:02:56,376 WARN o.s.b.a.o.j.JpaBaseConfiguration$JpaWebConfiguration [restartedMain] spring.jpa.open-in-view is enabled by default. Therefore, database queries may be performed during view rendering. Explicitly configure spring.jpa.open-in-view to disable this warning
2024-08-05 10:02:56,954 DEBUG o.s.s.w.DefaultSecurityFilterChain [restartedMain] Will secure any request with filters: DisableEncodeUrlFilter, WebAsyncManagerIntegrationFilter, SecurityContextHolderFilter, HeaderWriterFilter, CorsFilter, LogoutFilter, JwtAuthenticationFilter, RequestCacheAwareFilter, SecurityContextHolderAwareRequestFilter, AnonymousAuthenticationFilter, SessionManagementFilter, ExceptionTranslationFilter, AuthorizationFilter
2024-08-05 10:02:57,594 INFO o.s.b.d.a.OptionalLiveReloadServer [restartedMain] LiveReload server is running on port 35729
2024-08-05 10:02:57,656 INFO o.a.j.l.DirectJDKLog [restartedMain] Starting ProtocolHandler ["http-nio-7777"]
2024-08-05 10:02:57,703 INFO o.s.b.w.e.t.TomcatWebServer [restartedMain] Tomcat started on port 7777 (http) with context path '/'
2024-08-05 10:02:57,726 INFO o.s.b.StartupInfoLogger [restartedMain] Started QuizspringApplication in 11.737 seconds (process running for 13.052)
2024-08-05 10:13:40,163 INFO o.s.b.StartupInfoLogger [restartedMain] Starting QuizspringApplication using Java 17.0.10 with PID 28008 (C:\Users\Srinivasan\Desktop\SpringSecurity\Spring-Security-Template-V4\target\classes started by Srinivasan in C:\Users\Srinivasan\Desktop\SpringSecurity\Spring-Security-Template-V4)
2024-08-05 10:13:40,171 INFO o.s.b.SpringApplication [restartedMain] No active profile set, falling back to 1 default profile: "default"
2024-08-05 10:13:40,443 INFO o.s.b.l.DeferredLog [restartedMain] Devtools property defaults active! Set 'spring.devtools.add-properties' to 'false' to disable
2024-08-05 10:13:40,446 INFO o.s.b.l.DeferredLog [restartedMain] For additional web related logging consider setting the 'logging.level.web' property to 'DEBUG'
2024-08-05 10:13:43,158 INFO o.s.d.r.c.RepositoryConfigurationDelegate [restartedMain] Bootstrapping Spring Data JPA repositories in DEFAULT mode.
2024-08-05 10:13:43,274 INFO o.s.d.r.c.RepositoryConfigurationDelegate [restartedMain] Finished Spring Data repository scanning in 99 ms. Found 2 JPA repository interfaces.
2024-08-05 10:13:44,467 INFO o.s.b.w.e.t.TomcatWebServer [restartedMain] Tomcat initialized with port 7777 (http)
2024-08-05 10:13:44,493 INFO o.a.j.l.DirectJDKLog [restartedMain] Initializing ProtocolHandler ["http-nio-7777"]
2024-08-05 10:13:44,496 INFO o.a.j.l.DirectJDKLog [restartedMain] Starting service [Tomcat]
2024-08-05 10:13:44,497 INFO o.a.j.l.DirectJDKLog [restartedMain] Starting Servlet engine: [Apache Tomcat/10.1.26]
2024-08-05 10:13:44,614 INFO o.a.j.l.DirectJDKLog [restartedMain] Initializing Spring embedded WebApplicationContext
2024-08-05 10:13:44,617 INFO o.s.b.w.s.c.ServletWebServerApplicationContext [restartedMain] Root WebApplicationContext: initialization completed in 4167 ms
2024-08-05 10:13:44,876 INFO o.h.j.i.u.LogHelper [restartedMain] HHH000204: Processing PersistenceUnitInfo [name: default]
2024-08-05 10:13:45,020 INFO o.h.Version [restartedMain] HHH000412: Hibernate ORM core version 6.5.2.Final
2024-08-05 10:13:45,104 INFO o.h.c.i.RegionFactoryInitiator [restartedMain] HHH000026: Second-level cache disabled
2024-08-05 10:13:45,582 INFO o.s.o.j.p.SpringPersistenceUnitInfo [restartedMain] No LoadTimeWeaver setup: ignoring JPA class transformer
2024-08-05 10:13:45,661 INFO c.z.h.HikariDataSource [restartedMain] HikariPool-1 - Starting...
2024-08-05 10:13:46,168 INFO c.z.h.p.HikariPool [restartedMain] HikariPool-1 - Added connection com.mysql.cj.jdbc.ConnectionImpl@8ab332d
2024-08-05 10:13:46,172 INFO c.z.h.HikariDataSource [restartedMain] HikariPool-1 - Start completed.
2024-08-05 10:13:46,268 WARN o.h.e.j.d.i.DialectFactoryImpl [restartedMain] HHH90000025: MySQLDialect does not need to be specified explicitly using 'hibernate.dialect' (remove the property setting and it will be selected by default)
2024-08-05 10:13:47,976 INFO o.h.e.t.j.p.i.JtaPlatformInitiator [restartedMain] HHH000489: No JTA platform available (set 'hibernate.transaction.jta.platform' to enable JTA platform integration)
2024-08-05 10:13:48,267 INFO o.s.o.j.AbstractEntityManagerFactoryBean [restartedMain] Initialized JPA EntityManagerFactory for persistence unit 'default'
2024-08-05 10:13:48,858 INFO o.s.s.c.a.a.c.InitializeUserDetailsBeanManagerConfigurer$InitializeUserDetailsManagerConfigurer [restartedMain] Global AuthenticationManager configured with UserDetailsService bean with name userDetailsService
2024-08-05 10:13:49,067 WARN o.s.b.a.o.j.JpaBaseConfiguration$JpaWebConfiguration [restartedMain] spring.jpa.open-in-view is enabled by default. Therefore, database queries may be performed during view rendering. Explicitly configure spring.jpa.open-in-view to disable this warning
2024-08-05 10:13:49,566 DEBUG o.s.s.w.DefaultSecurityFilterChain [restartedMain] Will secure any request with filters: DisableEncodeUrlFilter, WebAsyncManagerIntegrationFilter, SecurityContextHolderFilter, HeaderWriterFilter, CorsFilter, LogoutFilter, JwtAuthenticationFilter, RequestCacheAwareFilter, SecurityContextHolderAwareRequestFilter, AnonymousAuthenticationFilter, SessionManagementFilter, ExceptionTranslationFilter, AuthorizationFilter
2024-08-05 10:13:50,117 INFO o.s.b.d.a.OptionalLiveReloadServer [restartedMain] LiveReload server is running on port 35729
2024-08-05 10:13:50,213 INFO o.a.j.l.DirectJDKLog [restartedMain] Starting ProtocolHandler ["http-nio-7777"]
2024-08-05 10:13:50,316 INFO o.s.b.w.e.t.TomcatWebServer [restartedMain] Tomcat started on port 7777 (http) with context path '/'
2024-08-05 10:13:50,341 INFO o.s.b.StartupInfoLogger [restartedMain] Started QuizspringApplication in 11.341 seconds (process running for 12.531)
2024-08-05 10:14:31,509 INFO o.a.j.l.DirectJDKLog [http-nio-7777-exec-2] Initializing Spring DispatcherServlet 'dispatcherServlet'
2024-08-05 10:14:31,512 INFO o.s.w.s.FrameworkServlet [http-nio-7777-exec-2] Initializing Servlet 'dispatcherServlet'
2024-08-05 10:14:31,516 INFO o.s.w.s.FrameworkServlet [http-nio-7777-exec-2] Completed initialization in 3 ms
2024-08-05 10:14:31,621 DEBUG o.s.s.w.FilterChainProxy [http-nio-7777-exec-2] Securing GET /swagger-ui/index.html
2024-08-05 10:14:31,643 DEBUG o.s.s.w.a.AnonymousAuthenticationFilter [http-nio-7777-exec-2] Set SecurityContextHolder to anonymous SecurityContext
2024-08-05 10:14:31,648 DEBUG o.s.s.w.FilterChainProxy [http-nio-7777-exec-2] Secured GET /swagger-ui/index.html
2024-08-05 10:14:31,813 DEBUG o.s.s.w.FilterChainProxy [http-nio-7777-exec-3] Securing GET /swagger-ui/swagger-ui.css
2024-08-05 10:14:31,816 DEBUG o.s.s.w.a.AnonymousAuthenticationFilter [http-nio-7777-exec-3] Set SecurityContextHolder to anonymous SecurityContext
2024-08-05 10:14:31,829 DEBUG o.s.s.w.FilterChainProxy [http-nio-7777-exec-4] Securing GET /swagger-ui/index.css
2024-08-05 10:14:31,833 DEBUG o.s.s.w.FilterChainProxy [http-nio-7777-exec-5] Securing GET /swagger-ui/swagger-ui-bundle.js
2024-08-05 10:14:31,835 DEBUG o.s.s.w.FilterChainProxy [http-nio-7777-exec-7] Securing GET /swagger-ui/swagger-initializer.js
2024-08-05 10:14:31,837 DEBUG o.s.s.w.FilterChainProxy [http-nio-7777-exec-6] Securing GET /swagger-ui/swagger-ui-standalone-preset.js
2024-08-05 10:14:31,838 DEBUG o.s.s.w.FilterChainProxy [http-nio-7777-exec-3] Secured GET /swagger-ui/swagger-ui.css
2024-08-05 10:14:31,841 DEBUG o.s.s.w.a.AnonymousAuthenticationFilter [http-nio-7777-exec-5] Set SecurityContextHolder to anonymous SecurityContext
2024-08-05 10:14:31,842 DEBUG o.s.s.w.a.AnonymousAuthenticationFilter [http-nio-7777-exec-4] Set SecurityContextHolder to anonymous SecurityContext
2024-08-05 10:14:31,845 DEBUG o.s.s.w.a.AnonymousAuthenticationFilter [http-nio-7777-exec-7] Set SecurityContextHolder to anonymous SecurityContext
2024-08-05 10:14:31,854 DEBUG o.s.s.w.FilterChainProxy [http-nio-7777-exec-5] Secured GET /swagger-ui/swagger-ui-bundle.js
2024-08-05 10:14:31,866 DEBUG o.s.s.w.a.AnonymousAuthenticationFilter [http-nio-7777-exec-6] Set SecurityContextHolder to anonymous SecurityContext
2024-08-05 10:14:31,895 DEBUG o.s.s.w.FilterChainProxy [http-nio-7777-exec-4] Secured GET /swagger-ui/index.css
2024-08-05 10:14:31,898 DEBUG o.s.s.w.FilterChainProxy [http-nio-7777-exec-6] Secured GET /swagger-ui/swagger-ui-standalone-preset.js
2024-08-05 10:14:31,901 DEBUG o.s.s.w.FilterChainProxy [http-nio-7777-exec-7] Secured GET /swagger-ui/swagger-initializer.js
2024-08-05 10:14:32,315 DEBUG o.s.s.w.FilterChainProxy [http-nio-7777-exec-8] Securing GET /v3/api-docs/swagger-config
2024-08-05 10:14:32,318 DEBUG o.s.s.w.a.AnonymousAuthenticationFilter [http-nio-7777-exec-8] Set SecurityContextHolder to anonymous SecurityContext
2024-08-05 10:14:32,322 DEBUG o.s.s.w.FilterChainProxy [http-nio-7777-exec-9] Securing GET /swagger-ui/favicon-32x32.png
2024-08-05 10:14:32,324 DEBUG o.s.s.w.FilterChainProxy [http-nio-7777-exec-8] Secured GET /v3/api-docs/swagger-config
2024-08-05 10:14:32,329 DEBUG o.s.s.w.a.AnonymousAuthenticationFilter [http-nio-7777-exec-9] Set SecurityContextHolder to anonymous SecurityContext
2024-08-05 10:14:32,334 DEBUG o.s.s.w.FilterChainProxy [http-nio-7777-exec-9] Secured GET /swagger-ui/favicon-32x32.png
2024-08-05 10:14:32,470 DEBUG o.s.s.w.FilterChainProxy [http-nio-7777-exec-10] Securing GET /v3/api-docs
2024-08-05 10:14:32,472 DEBUG o.s.s.w.a.AnonymousAuthenticationFilter [http-nio-7777-exec-10] Set SecurityContextHolder to anonymous SecurityContext
2024-08-05 10:14:32,474 DEBUG o.s.s.w.FilterChainProxy [http-nio-7777-exec-10] Secured GET /v3/api-docs
2024-08-05 10:14:34,030 INFO o.s.a.AbstractOpenApiResource [http-nio-7777-exec-10] Init duration for springdoc-openapi is: 1518 ms
2024-08-05 10:30:07,506 INFO o.s.b.StartupInfoLogger [restartedMain] Starting QuizspringApplication using Java 17.0.10 with PID 6512 (C:\Users\Srinivasan\Desktop\SpringSecurity\Spring-Security-Template-V4\target\classes started by Srinivasan in C:\Users\Srinivasan\Desktop\SpringSecurity\Spring-Security-Template-V4)
2024-08-05 10:30:07,516 INFO o.s.b.SpringApplication [restartedMain] No active profile set, falling back to 1 default profile: "default"
2024-08-05 10:30:07,695 INFO o.s.b.l.DeferredLog [restartedMain] Devtools property defaults active! Set 'spring.devtools.add-properties' to 'false' to disable
2024-08-05 10:30:07,701 INFO o.s.b.l.DeferredLog [restartedMain] For additional web related logging consider setting the 'logging.level.web' property to 'DEBUG'
2024-08-05 10:30:10,356 INFO o.s.d.r.c.RepositoryConfigurationDelegate [restartedMain] Bootstrapping Spring Data JPA repositories in DEFAULT mode.
2024-08-05 10:30:10,536 INFO o.s.d.r.c.RepositoryConfigurationDelegate [restartedMain] Finished Spring Data repository scanning in 140 ms. Found 2 JPA repository interfaces.
2024-08-05 10:30:12,833 INFO o.s.b.w.e.t.TomcatWebServer [restartedMain] Tomcat initialized with port 7777 (http)
2024-08-05 10:30:12,873 INFO o.a.j.l.DirectJDKLog [restartedMain] Initializing ProtocolHandler ["http-nio-7777"]
2024-08-05 10:30:12,883 INFO o.a.j.l.DirectJDKLog [restartedMain] Starting service [Tomcat]
2024-08-05 10:30:12,888 INFO o.a.j.l.DirectJDKLog [restartedMain] Starting Servlet engine: [Apache Tomcat/10.1.26]
2024-08-05 10:30:13,067 INFO o.a.j.l.DirectJDKLog [restartedMain] Initializing Spring embedded WebApplicationContext
2024-08-05 10:30:13,071 INFO o.s.b.w.s.c.ServletWebServerApplicationContext [restartedMain] Root WebApplicationContext: initialization completed in 5359 ms
2024-08-05 10:30:13,378 INFO o.h.j.i.u.LogHelper [restartedMain] HHH000204: Processing PersistenceUnitInfo [name: default]
2024-08-05 10:30:13,586 INFO o.h.Version [restartedMain] HHH000412: Hibernate ORM core version 6.5.2.Final
2024-08-05 10:30:13,704 INFO o.h.c.i.RegionFactoryInitiator [restartedMain] HHH000026: Second-level cache disabled
2024-08-05 10:30:14,505 INFO o.s.o.j.p.SpringPersistenceUnitInfo [restartedMain] No LoadTimeWeaver setup: ignoring JPA class transformer
2024-08-05 10:30:14,598 INFO c.z.h.HikariDataSource [restartedMain] HikariPool-1 - Starting...
2024-08-05 10:30:15,170 INFO c.z.h.p.HikariPool [restartedMain] HikariPool-1 - Added connection com.mysql.cj.jdbc.ConnectionImpl@5cf7f61a
2024-08-05 10:30:15,174 INFO c.z.h.HikariDataSource [restartedMain] HikariPool-1 - Start completed.
2024-08-05 10:30:15,267 WARN o.h.e.j.d.i.DialectFactoryImpl [restartedMain] HHH90000025: MySQLDialect does not need to be specified explicitly using 'hibernate.dialect' (remove the property setting and it will be selected by default)
2024-08-05 10:30:16,928 INFO o.h.e.t.j.p.i.JtaPlatformInitiator [restartedMain] HHH000489: No JTA platform available (set 'hibernate.transaction.jta.platform' to enable JTA platform integration)
2024-08-05 10:30:17,095 INFO o.s.o.j.AbstractEntityManagerFactoryBean [restartedMain] Initialized JPA EntityManagerFactory for persistence unit 'default'
2024-08-05 10:30:18,063 INFO o.s.s.c.a.a.c.InitializeUserDetailsBeanManagerConfigurer$InitializeUserDetailsManagerConfigurer [restartedMain] Global AuthenticationManager configured with UserDetailsService bean with name userDetailsService
2024-08-05 10:30:18,309 WARN o.s.b.a.o.j.JpaBaseConfiguration$JpaWebConfiguration [restartedMain] spring.jpa.open-in-view is enabled by default. Therefore, database queries may be performed during view rendering. Explicitly configure spring.jpa.open-in-view to disable this warning
2024-08-05 10:30:19,290 DEBUG o.s.s.w.DefaultSecurityFilterChain [restartedMain] Will secure any request with filters: DisableEncodeUrlFilter, WebAsyncManagerIntegrationFilter, SecurityContextHolderFilter, HeaderWriterFilter, CorsFilter, LogoutFilter, JwtAuthenticationFilter, RequestCacheAwareFilter, SecurityContextHolderAwareRequestFilter, AnonymousAuthenticationFilter, SessionManagementFilter, ExceptionTranslationFilter, AuthorizationFilter
2024-08-05 10:30:20,606 INFO o.s.b.d.a.OptionalLiveReloadServer [restartedMain] LiveReload server is running on port 35729
2024-08-05 10:30:20,667 INFO o.a.j.l.DirectJDKLog [restartedMain] Starting ProtocolHandler ["http-nio-7777"]
2024-08-05 10:30:20,722 INFO o.s.b.w.e.t.TomcatWebServer [restartedMain] Tomcat started on port 7777 (http) with context path '/'
2024-08-05 10:30:20,751 INFO o.s.b.StartupInfoLogger [restartedMain] Started QuizspringApplication in 14.358 seconds (process running for 17.338)
2024-08-05 10:30:33,678 INFO o.a.j.l.DirectJDKLog [http-nio-7777-exec-2] Initializing Spring DispatcherServlet 'dispatcherServlet'
2024-08-05 10:30:33,680 INFO o.s.w.s.FrameworkServlet [http-nio-7777-exec-2] Initializing Servlet 'dispatcherServlet'
2024-08-05 10:30:33,683 INFO o.s.w.s.FrameworkServlet [http-nio-7777-exec-2] Completed initialization in 2 ms
2024-08-05 10:30:33,751 DEBUG o.s.s.w.FilterChainProxy [http-nio-7777-exec-2] Securing POST /api/admin/default
2024-08-05 10:30:33,778 DEBUG o.s.s.w.a.AnonymousAuthenticationFilter [http-nio-7777-exec-2] Set SecurityContextHolder to anonymous SecurityContext
2024-08-05 10:30:33,787 DEBUG o.s.s.w.FilterChainProxy [http-nio-7777-exec-2] Secured POST /api/admin/default
2024-08-05 10:32:36,692 DEBUG o.s.s.w.FilterChainProxy [http-nio-7777-exec-5] Securing POST /api/auth/register
2024-08-05 10:32:36,696 DEBUG o.s.s.w.a.AnonymousAuthenticationFilter [http-nio-7777-exec-5] Set SecurityContextHolder to anonymous SecurityContext
2024-08-05 10:32:36,700 DEBUG o.s.s.w.FilterChainProxy [http-nio-7777-exec-5] Secured POST /api/auth/register
2024-08-05 10:33:18,645 DEBUG o.s.s.w.FilterChainProxy [http-nio-7777-exec-7] Securing POST /api/auth/login
2024-08-05 10:33:18,646 DEBUG o.s.s.w.a.AnonymousAuthenticationFilter [http-nio-7777-exec-7] Set SecurityContextHolder to anonymous SecurityContext
2024-08-05 10:33:18,648 DEBUG o.s.s.w.FilterChainProxy [http-nio-7777-exec-7] Secured POST /api/auth/login
2024-08-05 10:33:19,141 DEBUG o.s.s.a.d.AbstractUserDetailsAuthenticationProvider [http-nio-7777-exec-7] Authenticated user
2024-08-05 11:40:16,508 WARN c.z.h.p.HikariPool$HouseKeeper [HikariPool-1 housekeeper] HikariPool-1 - Thread starvation or clock leap detected (housekeeper delta=11m59s142ms848µs700ns).
